Using pre-set license
Built from '2020.3/staging' branch; Version is '2020.3.22f1 (e1a7f79fd887) revision 14788599'; Using compiler version '192528614'; Build Type 'Release'
OS: 'Windows 10 Pro; OS build 22000.318; Version 2009; 64bit' Language: 'zh' Physical Memory: 16306 MB
BatchMode: 1, IsHumanControllingUs: 0, StartBugReporterOnCrash: 0, Is64bit: 1, IsPro: 0

COMMAND LINE ARGUMENTS:
C:\Program Files\Unity\2020.3.22f1\Editor\Unity.exe
-adb2
-batchMode
-noUpm
-name
AssetImportWorker0
-projectPath
C:/Users/johny/Downloads/UnityTileBasedSokoban-master/PushBox
-logFile
Logs/AssetImportWorker0.log
-srvPort
8590
Successfully changed project path to: C:/Users/johny/Downloads/UnityTileBasedSokoban-master/PushBox
C:/Users/johny/Downloads/UnityTileBasedSokoban-master/PushBox
Using Asset Import Pipeline V2.
Refreshing native plugins compatible for Editor in 49.81 ms, found 3 plugins.
Preloading 0 native plugins for Editor in 0.00 ms.
Initialize engine version: 2020.3.22f1 (e1a7f79fd887)
[Subsystems] Discovering subsystems at path C:/Program Files/Unity/2020.3.22f1/Editor/Data/Resources/UnitySubsystems
[Subsystems] Discovering subsystems at path C:/Users/johny/Downloads/UnityTileBasedSokoban-master/PushBox/Assets
GfxDevice: creating device client; threaded=0
Direct3D:
    Version:  Direct3D 11.0 [level 11.1]
    Renderer: NVIDIA GeForce GTX 1060 6GB (ID=0x1c03)
    Vendor:   
    VRAM:     6052 MB
    Driver:   27.21.14.6109
Initialize mono
Mono path[0] = 'C:/Program Files/Unity/2020.3.22f1/Editor/Data/Managed'
Mono path[1] = 'C:/Program Files/Unity/2020.3.22f1/Editor/Data/MonoBleedingEdge/lib/mono/unityjit'
Mono config path = 'C:/Program Files/Unity/2020.3.22f1/Editor/Data/MonoBleedingEdge/etc'
Using monoOptions --debugger-agent=transport=dt_socket,embedding=1,server=y,suspend=n,address=127.0.0.1:56924
Begin MonoManager ReloadAssembly
Registering precompiled unity dll's ...
Register platform support module: C:/Program Files/Unity/2020.3.22f1/Editor/Data/PlaybackEngines/WindowsStandaloneSupport/UnityEditor.WindowsStandalone.Extensions.dll
Registered in 0.002244 seconds.
Native extension for WindowsStandalone target not found
Refreshing native plugins compatible for Editor in 65.58 ms, found 3 plugins.
Preloading 0 native plugins for Editor in 0.00 ms.
Mono: successfully reloaded assembly
- Completed reload, in  1.240 seconds
Domain Reload Profiling:
	ReloadAssembly (1240ms)
		BeginReloadAssembly (60ms)
			ExecutionOrderSort (0ms)
			DisableScriptedObjects (0ms)
			BackupInstance (0ms)
			ReleaseScriptingObjects (0ms)
			CreateAndSetChildDomain (1ms)
		EndReloadAssembly (500ms)
			LoadAssemblies (57ms)
			RebuildTransferFunctionScriptingTraits (0ms)
			SetupTypeCache (160ms)
			ReleaseScriptCaches (0ms)
			RebuildScriptCaches (32ms)
			SetupLoadedEditorAssemblies (201ms)
				LogAssemblyErrors (0ms)
				InitializePlatformSupportModulesInManaged (4ms)
				SetLoadedEditorAssemblies (0ms)
				RefreshPlugins (66ms)
				BeforeProcessingInitializeOnLoad (10ms)
				ProcessInitializeOnLoadAttributes (88ms)
				ProcessInitializeOnLoadMethodAttributes (33ms)
				AfterProcessingInitializeOnLoad (0ms)
				EditorAssembliesLoaded (0ms)
			ExecutionOrderSort2 (0ms)
			AwakeInstancesAfterBackupRestoration (0ms)
Platform modules already initialized, skipping
Registering precompiled user dll's ...
Registered in 0.008930 seconds.
Begin MonoManager ReloadAssembly
Native extension for WindowsStandalone target not found
Refreshing native plugins compatible for Editor in 45.38 ms, found 3 plugins.
Preloading 0 native plugins for Editor in 0.00 ms.
Mono: successfully reloaded assembly
- Completed reload, in  1.221 seconds
Domain Reload Profiling:
	ReloadAssembly (1222ms)
		BeginReloadAssembly (166ms)
			ExecutionOrderSort (0ms)
			DisableScriptedObjects (5ms)
			BackupInstance (0ms)
			ReleaseScriptingObjects (0ms)
			CreateAndSetChildDomain (19ms)
		EndReloadAssembly (987ms)
			LoadAssemblies (103ms)
			RebuildTransferFunctionScriptingTraits (0ms)
			SetupTypeCache (326ms)
			ReleaseScriptCaches (0ms)
			RebuildScriptCaches (54ms)
			SetupLoadedEditorAssemblies (359ms)
				LogAssemblyErrors (0ms)
				InitializePlatformSupportModulesInManaged (4ms)
				SetLoadedEditorAssemblies (0ms)
				RefreshPlugins (45ms)
				BeforeProcessingInitializeOnLoad (76ms)
				ProcessInitializeOnLoadAttributes (207ms)
				ProcessInitializeOnLoadMethodAttributes (18ms)
				AfterProcessingInitializeOnLoad (8ms)
				EditorAssembliesLoaded (0ms)
			ExecutionOrderSort2 (0ms)
			AwakeInstancesAfterBackupRestoration (7ms)
Platform modules already initialized, skipping
========================================================================
Worker process is ready to serve import requests
Launched and connected shader compiler UnityShaderCompiler.exe after 0.07 seconds
Refreshing native plugins compatible for Editor in 0.53 ms, found 3 plugins.
Preloading 0 native plugins for Editor in 0.00 ms.
Unloading 2182 Unused Serialized files (Serialized files now loaded: 0)
System memory in use before: 97.9 MB.
System memory in use after: 97.9 MB.

Unloading 28 unused Assets to reduce memory usage. Loaded Objects now: 2615.
Total: 3.707300 ms (FindLiveObjects: 0.196400 ms CreateObjectMapping: 0.087400 ms MarkObjects: 3.351700 ms  DeleteObjects: 0.070700 ms)

AssetImportParameters requested are different than current active one (requested -> active):
  custom:framework-win-MediaFoundation: 216162199b28c13a410421893ffa2e32 -> 
  custom:video-decoder-ogg-theora: a1e56fd34408186e4bbccfd4996cb3dc -> 
  custom:container-muxer-webm: aa71ff27fc2769a1b78a27578f13a17b -> 
  custom:container-demuxer-webm: 4f35f7cbe854078d1ac9338744f61a02 -> 
  custom:container-demuxer-ogg: 62fdf1f143b41e24485cea50d1cbac27 -> 
  custom:video-encoder-webm-vp8: eb34c28f22e8b96e1ab97ce403110664 -> 
  custom:video-decoder-webm-vp8: 9c59270c3fd7afecdb556c50c9e8de78 -> 
  custom:audio-decoder-ogg-vorbis: bf7c407c2cedff20999df2af8eb42d56 -> 
  custom:audio-encoder-webm-vorbis: bf7c407c2cedff20999df2af8eb42d56 -> 
========================================================================
Received Import Request.
  path: Assets/New Folder
  artifactKey: Guid(7876dbf9968d5a94ea6661a7cb5ed481) Importer(815301076,1909f56bfc062723c751e8b465ee728b)
Start importing Assets/New Folder using Guid(7876dbf9968d5a94ea6661a7cb5ed481) Importer(815301076,1909f56bfc062723c751e8b465ee728b)  -> (artifact id: 'b1e8432ac5e8cab8cc9bc8d99ec1a9c7') in 0.009505 seconds 
  Import took 0.013111 seconds .

========================================================================
Received Import Request.
  Time since last request: 3.082551 seconds.
  path: Assets/Textures
  artifactKey: Guid(7876dbf9968d5a94ea6661a7cb5ed481) Importer(815301076,1909f56bfc062723c751e8b465ee728b)
Start importing Assets/Textures using Guid(7876dbf9968d5a94ea6661a7cb5ed481) Importer(815301076,1909f56bfc062723c751e8b465ee728b)  -> (artifact id: 'e37e88c471ce17d52140f71784a7c53c') in 0.006379 seconds 
  Import took 0.010134 seconds .

========================================================================
Received Import Request.
  Time since last request: 842.033513 seconds.
  path: Assets/Textures/Box.png
  artifactKey: Guid(917c663e5639c394894db5edfd7a4192) Importer(815301076,1909f56bfc062723c751e8b465ee728b)
Start importing Assets/Textures/Box.png using Guid(917c663e5639c394894db5edfd7a4192) Importer(815301076,1909f56bfc062723c751e8b465ee728b)  -> (artifact id: '29591def971dda1d8b37700c645c1591') in 0.154929 seconds 
  Import took 0.159662 seconds .

========================================================================
Received Import Request.
  Time since last request: 0.000261 seconds.
  path: Assets/Textures/Tile.png
  artifactKey: Guid(5a3474bbdfb610d45bd512f54d2c9e06) Importer(815301076,1909f56bfc062723c751e8b465ee728b)
Start importing Assets/Textures/Tile.png using Guid(5a3474bbdfb610d45bd512f54d2c9e06) Importer(815301076,1909f56bfc062723c751e8b465ee728b)  -> (artifact id: 'a1e4b0a16f9a953da50876b2030d735c') in 0.015669 seconds 
  Import took 0.019316 seconds .

========================================================================
Received Import Request.
  Time since last request: 0.000249 seconds.
  path: Assets/Textures/Cross.png
  artifactKey: Guid(ce93e3eda7f89ef4e918a1a8129d1be6) Importer(815301076,1909f56bfc062723c751e8b465ee728b)
Start importing Assets/Textures/Cross.png using Guid(ce93e3eda7f89ef4e918a1a8129d1be6) Importer(815301076,1909f56bfc062723c751e8b465ee728b)  -> (artifact id: '6868113bcd5382eddfe33f911636526d') in 0.015897 seconds 
  Import took 0.019541 seconds .

========================================================================
Received Import Request.
  Time since last request: 0.000241 seconds.
  path: Assets/Textures/SmilyMan.png
  artifactKey: Guid(44936a4e2047a394da123f69d11cc7ae) Importer(815301076,1909f56bfc062723c751e8b465ee728b)
Start importing Assets/Textures/SmilyMan.png using Guid(44936a4e2047a394da123f69d11cc7ae) Importer(815301076,1909f56bfc062723c751e8b465ee728b)  -> (artifact id: '706129d7c82d5054a1f38771f5dc2d68') in 0.015194 seconds 
  Import took 0.018685 seconds .

========================================================================
Received Import Request.
  Time since last request: 187.226817 seconds.
  path: Assets/Textures/SmilyMan.png
  artifactKey: Guid(44936a4e2047a394da123f69d11cc7ae) Importer(815301076,1909f56bfc062723c751e8b465ee728b)
Start importing Assets/Textures/SmilyMan.png using Guid(44936a4e2047a394da123f69d11cc7ae) Importer(815301076,1909f56bfc062723c751e8b465ee728b)  -> (artifact id: '38d08ab88e82883b83a3400feac61974') in 0.016657 seconds 
  Import took 0.021571 seconds .

========================================================================
Received Import Request.
  Time since last request: 67.099662 seconds.
  path: Assets/Textures/SmilyMan.png
  artifactKey: Guid(44936a4e2047a394da123f69d11cc7ae) Importer(815301076,1909f56bfc062723c751e8b465ee728b)
Start importing Assets/Textures/SmilyMan.png using Guid(44936a4e2047a394da123f69d11cc7ae) Importer(815301076,1909f56bfc062723c751e8b465ee728b)  -> (artifact id: '2d0ac95dc7e75aad5ab68a9356d1685e') in 0.015169 seconds 
  Import took 0.019301 seconds .

AssetImportWorkerClient::OnTransportError - code=2 error=End of file
